<?xml version="1.0" encoding="UTF-8"?>
<!-- Generated by org.testng.reporters.JUnitReportReporter -->
<testsuite skipped="0" hostname="T4ublrlpusr093" name="generic.MainActivity" tests="14" failures="0" timestamp="24 Oct 2018 05:47:29 GMT" time="136.451" errors="0">
  <testcase name="login" time="10.361" classname="generic.MainActivity"/>
  <testcase name="navigateMasterOp" time="4.244" classname="generic.MainActivity"/>
  <testcase name="validateCustomerAdd" time="8.704" classname="generic.MainActivity"/>
  <testcase name="validateCustomerAdd" time="7.270" classname="generic.MainActivity"/>
  <testcase name="validateCustomerAdd" time="7.701" classname="generic.MainActivity"/>
  <testcase name="validateCustomerAdd" time="7.413" classname="generic.MainActivity"/>
  <testcase name="validateCustomerAdd" time="7.356" classname="generic.MainActivity"/>
  <testcase name="validateCustomerAdd" time="7.009" classname="generic.MainActivity"/>
  <testcase name="validateCustomerAdd" time="8.322" classname="generic.MainActivity"/>
  <testcase name="validateCustomerAdd" time="7.541" classname="generic.MainActivity"/>
  <testcase name="validateCustomerAdd" time="7.274" classname="generic.MainActivity"/>
  <testcase name="validateCustomerAdd" time="7.652" classname="generic.MainActivity"/>
  <testcase name="update" time="28.270" classname="generic.MainActivity"/>
  <testcase name="delete" time="17.334" classname="generic.MainActivity"/>
</testsuite> <!-- generic.MainActivity -->
