<?xml version="1.0" encoding="UTF-8"?>
<!-- Generated by org.testng.reporters.JUnitReportReporter -->
<testsuite skipped="0" hostname="T4ublrlpusr093" name="scripts.Logout" tests="31" failures="0" timestamp="16 Nov 2018 11:11:50 GMT" time="1236.746" errors="0">
  <testcase name="test_Home_Page_Appear_Correct" time="6.513" classname="scripts.Logout"/>
  <testcase name="verifyLoginUser" time="0.542" classname="scripts.Logout"/>
  <testcase name="navigateMasterOp" time="2.494" classname="scripts.Logout"/>
  <testcase name="navigateCustomerInfoADD" time="0.323" classname="scripts.Logout"/>
  <testcase name="validateCustomerAdd" time="20.652" classname="scripts.Logout"/>
  <testcase name="validateCustomerAdd" time="19.727" classname="scripts.Logout"/>
  <testcase name="validateCustomerAdd" time="19.725" classname="scripts.Logout"/>
  <testcase name="validateCustomerAdd" time="19.679" classname="scripts.Logout"/>
  <testcase name="validateCustomerAdd" time="19.824" classname="scripts.Logout"/>
  <testcase name="validateCustomerAdd" time="20.057" classname="scripts.Logout"/>
  <testcase name="validateCustomerAdd" time="20.347" classname="scripts.Logout"/>
  <testcase name="validateCustomerAdd" time="19.894" classname="scripts.Logout"/>
  <testcase name="validateCustomerAdd" time="19.824" classname="scripts.Logout"/>
  <testcase name="validateCustomerAdd" time="19.897" classname="scripts.Logout"/>
  <testcase name="addCustomer" time="20.191" classname="scripts.Logout"/>
  <testcase name="updateCus" time="151.590" classname="scripts.Logout"/>
  <testcase name="deleteNoBtn" time="9.982" classname="scripts.Logout"/>
  <testcase name="deleteYesBtn" time="80.518" classname="scripts.Logout"/>
  <testcase name="navigateToPF" time="30.327" classname="scripts.Logout"/>
  <testcase name="productFeatureCheck" time="95.970" classname="scripts.Logout"/>
  <testcase name="navigateToCustomization" time="30.283" classname="scripts.Logout"/>
  <testcase name="customizationSet" time="71.276" classname="scripts.Logout"/>
  <testcase name="userMange" time="94.187" classname="scripts.Logout"/>
  <testcase name="updateUser" time="52.091" classname="scripts.Logout"/>
  <testcase name="userGroupAssociation" time="69.373" classname="scripts.Logout"/>
  <testcase name="defaultAssetGroupModify" time="70.850" classname="scripts.Logout"/>
  <testcase name="validateAssetGroupAlreadyExist" time="16.056" classname="scripts.Logout"/>
  <testcase name="addAssertGroup" time="31.248" classname="scripts.Logout"/>
  <testcase name="updateGroup" time="141.112" classname="scripts.Logout"/>
  <testcase name="assertGrpFeature" time="55.920" classname="scripts.Logout"/>
  <testcase name="logout" time="6.274" classname="scripts.Logout"/>
</testsuite> <!-- scripts.Logout -->
