<?xml version="1.0" encoding="UTF-8"?>
<!-- Generated by org.testng.reporters.JUnitReportReporter -->
<testsuite skipped="0" hostname="T4ublrlpusr093" name="scripts.ValidLogin" tests="1" failures="0" timestamp="05 Nov 2018 07:32:18 GMT" time="8.572" errors="0">
  <testcase name="test_Home_Page_Appear_Correct" time="8.572" classname="scripts.ValidLogin"/>
</testsuite> <!-- scripts.ValidLogin -->
